HelloWorld/build/outputs/logs/manifest-merger-debug-report.txt
-- Merging decision tree log ---
manifest
ADDED from src/main/AndroidManifest.xml:2:1-33:12
	package
		ADDED from src/main/AndroidManifest.xml:3:5-52
	android:versionName
		INJECTED from src/main/AndroidManifest.xml
		INJECTED from src/main/AndroidManifest.xml
	xmlns:android
		ADDED from src/main/AndroidManifest.xml:2:11-69
	android:versionCode
		INJECTED from src/main/AndroidManifest.xml
		INJECTED from src/main/AndroidManifest.xml
uses-feature#android.hardware.bluetooth_le
ADDED from src/main/AndroidManifest.xml:5:5-7:35
	android:required
		ADDED from src/main/AndroidManifest.xml:7:9-32
	android:name
		ADDED from src/main/AndroidManifest.xml:6:9-53
uses-permission#android.permission.WRITE_EXTERNAL_STORAGE
ADDED from src/main/AndroidManifest.xml:9:5-81
	android:name
		ADDED from src/main/AndroidManifest.xml:9:22-78
uses-permission#android.permission.RECORD_AUDIO
ADDED from src/main/AndroidManifest.xml:10:5-71
	android:name
		ADDED from src/main/AndroidManifest.xml:10:22-68
uses-permission#android.permission.INTERNET
ADDED from src/main/AndroidManifest.xml:11:5-66
MERGED from [com.thalmic:myosdk:0.10.0] AndroidManifest.xml:13:5-67
	android:name
		ADDED from src/main/AndroidManifest.xml:11:22-64
application
ADDED from src/main/AndroidManifest.xml:13:5-30:19
MERGED from [com.thalmic:myosdk:0.10.0] AndroidManifest.xml:15:5-20:19
	android:label
		ADDED from src/main/AndroidManifest.xml:16:9-41
	android:allowBackup
		ADDED from src/main/AndroidManifest.xml:14:9-35
	android:icon
		ADDED from src/main/AndroidManifest.xml:15:9-45
activity#com.thalmic.android.sample.helloworld.HelloWorldActivity
ADDED from src/main/AndroidManifest.xml:18:9-27:20
	android:label
		ADDED from src/main/AndroidManifest.xml:20:13-45
	android:name
		ADDED from src/main/AndroidManifest.xml:19:13-84
intent-filter#android.intent.action.MAIN+android.intent.category.LAUNCHER
ADDED from src/main/AndroidManifest.xml:21:13-25:29
action#android.intent.action.MAIN
ADDED from src/main/AndroidManifest.xml:22:17-69
	android:name
		ADDED from src/main/AndroidManifest.xml:22:25-66
category#android.intent.category.LAUNCHER
ADDED from src/main/AndroidManifest.xml:24:17-77
	android:name
		ADDED from src/main/AndroidManifest.xml:24:27-74
uses-sdk
INJECTED from src/main/AndroidManifest.xml reason: use-sdk injection requested
MERGED from [com.thalmic:myosdk:0.10.0] AndroidManifest.xml:7:5-9:41
	android:targetSdkVersion
		INJECTED from src/main/AndroidManifest.xml
		INJECTED from src/main/AndroidManifest.xml
	android:minSdkVersion
		INJECTED from src/main/AndroidManifest.xml
		INJECTED from src/main/AndroidManifest.xml
uses-permission#android.permission.BLUETOOTH
ADDED from [com.thalmic:myosdk:0.10.0] AndroidManifest.xml:11:5-68
	android:name
		ADDED from [com.thalmic:myosdk:0.10.0] AndroidManifest.xml:11:22-65
uses-permission#android.permission.BLUETOOTH_ADMIN
ADDED from [com.thalmic:myosdk:0.10.0] AndroidManifest.xml:12:5-74
	android:name
		ADDED from [com.thalmic:myosdk:0.10.0] AndroidManifest.xml:12:22-71
activity#com.thalmic.myo.scanner.ScanActivity
ADDED from [com.thalmic:myosdk:0.10.0] AndroidManifest.xml:16:9-19:64
	android:label
		ADDED from [com.thalmic:myosdk:0.10.0] AndroidManifest.xml:18:13-64
	android:theme
		ADDED from [com.thalmic:myosdk:0.10.0] AndroidManifest.xml:19:13-61
	android:name
		ADDED from [com.thalmic:myosdk:0.10.0] AndroidManifest.xml:17:13-64